This is pdfTeX, Version 3.141592653-2.6-1.40.25 (MiKTeX 24.1) (preloaded format=pdflatex 2025.4.30)  1 MAY 2025 22:24
entering extended mode
 restricted \write18 enabled.
 %&-line parsing enabled.
**./build/Cocket_Nova_Programmer.tex
(build/Cocket_Nova_Programmer.tex
LaTeX2e <2023-11-01> patch level 1
L3 programming layer <2024-01-04>
(C:\mitext\tex/latex/base\article.cls
Document Class: article 2023/05/17 v1.4n Standard LaTeX document class
(C:\mitext\tex/latex/base\size10.clo
File: size10.clo 2023/05/17 v1.4n Standard LaTeX file (size option)
)
\c@part=\count187
\c@section=\count188
\c@subsection=\count189
\c@subsubsection=\count190
\c@paragraph=\count191
\c@subparagraph=\count192
\c@figure=\count193
\c@table=\count194
\abovecaptionskip=\skip48
\belowcaptionskip=\skip49
\bibindent=\dimen140
)
(C:\mitext\tex/latex/geometry\geometry.sty
Package: geometry 2020/01/02 v5.9 Page Geometry

(C:\mitext\tex/latex/graphics\keyval.sty
Package: keyval 2022/05/29 v1.15 key=value parser (DPC)
\KV@toks@=\toks17
)
(C:\mitext\tex/generic/iftex\ifvtex.sty
Package: ifvtex 2019/10/25 v1.7 ifvtex legacy package. Use iftex instead.
 (C:\mitext\tex/generic/iftex\iftex.sty
Package: iftex 2022/02/03 v1.0f TeX engine tests
))
\Gm@cnth=\count195
\Gm@cntv=\count196
\c@Gm@tempcnt=\count197
\Gm@bindingoffset=\dimen141
\Gm@wd@mp=\dimen142
\Gm@odd@mp=\dimen143
\Gm@even@mp=\dimen144
\Gm@layoutwidth=\dimen145
\Gm@layoutheight=\dimen146
\Gm@layouthoffset=\dimen147
\Gm@layoutvoffset=\dimen148
\Gm@dimlist=\toks18
 (C:\mitext\tex/latex/geometry\geometry.cfg))
(C:\mitext\tex/latex/base\inputenc.sty
Package: inputenc 2021/02/14 v1.3d Input encoding file
\inpenc@prehook=\toks19
\inpenc@posthook=\toks20
)
(C:\mitext\tex/latex/graphics\graphicx.sty
Package: graphicx 2021/09/16 v1.2d Enhanced LaTeX Graphics (DPC,SPQR)

(C:\mitext\tex/latex/graphics\graphics.sty
Package: graphics 2022/03/10 v1.4e Standard LaTeX Graphics (DPC,SPQR)

(C:\mitext\tex/latex/graphics\trig.sty
Package: trig 2021/08/11 v1.11 sin cos tan (DPC)
)
(C:\mitext\tex/latex/graphics-cfg\graphics.cfg
File: graphics.cfg 2016/06/04 v1.11 sample graphics configuration
)
Package graphics Info: Driver file: pdftex.def on input line 107.

(C:\mitext\tex/latex/graphics-def\pdftex.def
File: pdftex.def 2022/09/22 v1.2b Graphics/color driver for pdftex
))
\Gin@req@height=\dimen149
\Gin@req@width=\dimen150
)
(C:\mitext\tex/latex/titlesec\titlesec.sty
Package: titlesec 2025/01/04 v2.17 Sectioning titles
\ttl@box=\box51
\beforetitleunit=\skip50
\aftertitleunit=\skip51
\ttl@plus=\dimen151
\ttl@minus=\dimen152
\ttl@toksa=\toks21
\titlewidth=\dimen153
\titlewidthlast=\dimen154
\titlewidthfirst=\dimen155
)
(C:\mitext\tex/latex/fancyhdr\fancyhdr.sty
Package: fancyhdr 2025/02/07 v5.2 Extensive control of page headers and footers

\f@nch@headwidth=\skip52
\f@nch@offset@elh=\skip53
\f@nch@offset@erh=\skip54
\f@nch@offset@olh=\skip55
\f@nch@offset@orh=\skip56
\f@nch@offset@elf=\skip57
\f@nch@offset@erf=\skip58
\f@nch@offset@olf=\skip59
\f@nch@offset@orf=\skip60
\f@nch@height=\skip61
\f@nch@footalignment=\skip62
\f@nch@widthL=\skip63
\f@nch@widthC=\skip64
\f@nch@widthR=\skip65
\@temptokenb=\toks22
)
(C:\mitext\tex/latex/graphics\color.sty
Package: color 2022/01/06 v1.3d Standard LaTeX Color (DPC)

(C:\mitext\tex/latex/graphics-cfg\color.cfg
File: color.cfg 2016/01/02 v1.6 sample color configuration
)
Package color Info: Driver file: pdftex.def on input line 149.

(C:\mitext\tex/latex/graphics\mathcolor.ltx))
(C:\mitext\tex/latex/parskip\parskip.sty
Package: parskip 2021-03-14 v2.0h non-zero parskip adjustments

(C:\mitext\tex/latex/kvoptions\kvoptions.sty
Package: kvoptions 2022-06-15 v3.15 Key value format for package options (HO)

(C:\mitext\tex/generic/ltxcmds\ltxcmds.sty
Package: ltxcmds 2023-12-04 v1.26 LaTeX kernel commands for general use (HO)
)
(C:\mitext\tex/latex/kvsetkeys\kvsetkeys.sty
Package: kvsetkeys 2022-10-05 v1.19 Key value parser (HO)
))
(C:\mitext\tex/latex/etoolbox\etoolbox.sty
Package: etoolbox 2020/10/05 v2.5k e-TeX tools for LaTeX (JAW)
\etb@tempcnta=\count198
))
(C:\mitext\tex/latex/psnfss\helvet.sty
Package: helvet 2020/03/25 PSNFSS-v9.3 (WaS) 
)
(C:\mitext\tex/latex/tools\longtable.sty
Package: longtable 2023-11-01 v4.19 Multi-page Table package (DPC)
\LTleft=\skip66
\LTright=\skip67
\LTpre=\skip68
\LTpost=\skip69
\LTchunksize=\count199
\LTcapwidth=\dimen156
\LT@head=\box52
\LT@firsthead=\box53
\LT@foot=\box54
\LT@lastfoot=\box55
\LT@gbox=\box56
\LT@cols=\count266
\LT@rows=\count267
\c@LT@tables=\count268
\c@LT@chunks=\count269
\LT@p@ftn=\toks23
)
(C:\mitext\tex/latex/hyperref\hyperref.sty
Package: hyperref 2023-11-26 v7.01g Hypertext links for LaTeX

(C:\mitext\tex/generic/infwarerr\infwarerr.sty
Package: infwarerr 2019/12/03 v1.5 Providing info/warning/error messages (HO)
)
(C:\mitext\tex/generic/kvdefinekeys\kvdefinekeys.sty
Package: kvdefinekeys 2019-12-19 v1.6 Define keys (HO)
)
(C:\mitext\tex/generic/pdfescape\pdfescape.sty
Package: pdfescape 2019/12/09 v1.15 Implements pdfTeX's escape features (HO)

(C:\mitext\tex/generic/pdftexcmds\pdftexcmds.sty
Package: pdftexcmds 2020-06-27 v0.33 Utility functions of pdfTeX for LuaTeX (HO
)
Package pdftexcmds Info: \pdf@primitive is available.
Package pdftexcmds Info: \pdf@ifprimitive is available.
Package pdftexcmds Info: \pdfdraftmode found.
))
(C:\mitext\tex/latex/hycolor\hycolor.sty
Package: hycolor 2020-01-27 v1.10 Color options for hyperref/bookmark (HO)
)
(C:\mitext\tex/latex/letltxmacro\letltxmacro.sty
Package: letltxmacro 2019/12/03 v1.6 Let assignment for LaTeX macros (HO)
)
(C:\mitext\tex/latex/auxhook\auxhook.sty
Package: auxhook 2019-12-17 v1.6 Hooks for auxiliary files (HO)
)
(C:\mitext\tex/latex/hyperref\nameref.sty
Package: nameref 2023-11-26 v2.56 Cross-referencing by name of section

(C:\mitext\tex/latex/refcount\refcount.sty
Package: refcount 2019/12/15 v3.6 Data extraction from label references (HO)
)
(C:\mitext\tex/generic/gettitlestring\gettitlestring.sty
Package: gettitlestring 2019/12/15 v1.6 Cleanup title references (HO)
)
\c@section@level=\count270
)
\@linkdim=\dimen157
\Hy@linkcounter=\count271
\Hy@pagecounter=\count272

(C:\mitext\tex/latex/hyperref\pd1enc.def
File: pd1enc.def 2023-11-26 v7.01g Hyperref: PDFDocEncoding definition (HO)
Now handling font encoding PD1 ...
... no UTF-8 mapping file for font encoding PD1
)
(C:\mitext\tex/generic/intcalc\intcalc.sty
Package: intcalc 2019/12/15 v1.3 Expandable calculations with integers (HO)
)
\Hy@SavedSpaceFactor=\count273

(C:\mitext\tex/latex/hyperref\puenc.def
File: puenc.def 2023-11-26 v7.01g Hyperref: PDF Unicode definition (HO)
Now handling font encoding PU ...
... no UTF-8 mapping file for font encoding PU
)
Package hyperref Info: Hyper figures OFF on input line 4181.
Package hyperref Info: Link nesting OFF on input line 4186.
Package hyperref Info: Hyper index ON on input line 4189.
Package hyperref Info: Plain pages OFF on input line 4196.
Package hyperref Info: Backreferencing OFF on input line 4201.
Package hyperref Info: Implicit mode ON; LaTeX internals redefined.
Package hyperref Info: Bookmarks ON on input line 4448.
\c@Hy@tempcnt=\count274
 (C:\mitext\tex/latex/url\url.sty
\Urlmuskip=\muskip16
Package: url 2013/09/16  ver 3.4  Verb mode for urls, etc.
)
LaTeX Info: Redefining \url on input line 4786.
\XeTeXLinkMargin=\dimen158

(C:\mitext\tex/generic/bitset\bitset.sty
Package: bitset 2019/12/09 v1.3 Handle bit-vector datatype (HO)

(C:\mitext\tex/generic/bigintcalc\bigintcalc.sty
Package: bigintcalc 2019/12/15 v1.5 Expandable calculations on big integers (HO
)
))
\Fld@menulength=\count275
\Field@Width=\dimen159
\Fld@charsize=\dimen160
Package hyperref Info: Hyper figures OFF on input line 6065.
Package hyperref Info: Link nesting OFF on input line 6070.
Package hyperref Info: Hyper index ON on input line 6073.
Package hyperref Info: backreferencing OFF on input line 6080.
Package hyperref Info: Link coloring OFF on input line 6085.
Package hyperref Info: Link coloring with OCG OFF on input line 6090.
Package hyperref Info: PDF/A mode OFF on input line 6095.

(C:\mitext\tex/latex/base\atbegshi-ltx.sty
Package: atbegshi-ltx 2021/01/10 v1.0c Emulation of the original atbegshi
package with kernel methods
)
\Hy@abspage=\count276
\c@Item=\count277
\c@Hfootnote=\count278
)
Package hyperref Info: Driver (autodetected): hpdftex.

(C:\mitext\tex/latex/hyperref\hpdftex.def
File: hpdftex.def 2023-11-26 v7.01g Hyperref driver for pdfTeX

(C:\mitext\tex/latex/base\atveryend-ltx.sty
Package: atveryend-ltx 2020/08/19 v1.0a Emulation of the original atveryend pac
kage
with kernel methods
)
\Fld@listcount=\count279
\c@bookmark@seq@number=\count280

(C:\mitext\tex/latex/rerunfilecheck\rerunfilecheck.sty
Package: rerunfilecheck 2022-07-10 v1.10 Rerun checks for auxiliary files (HO)

(C:\mitext\tex/generic/uniquecounter\uniquecounter.sty
Package: uniquecounter 2019/12/15 v1.4 Provide unlimited unique counter (HO)
)
Package uniquecounter Info: New unique counter `rerunfilecheck' on input line 2
85.
)
\Hy@SectionHShift=\skip70
)
(C:\mitext\tex/latex/float\float.sty
Package: float 2001/11/08 v1.3d Float enhancements (AL)
\c@float@type=\count281
\float@exts=\toks24
\float@box=\box57
\@float@everytoks=\toks25
\@floatcapt=\box58
) (C:\mitext\tex/latex/caption\caption.sty
Package: caption 2023/08/05 v3.6o Customizing captions (AR)

(C:\mitext\tex/latex/caption\caption3.sty
Package: caption3 2023/07/31 v2.4d caption3 kernel (AR)
\caption@tempdima=\dimen161
\captionmargin=\dimen162
\caption@leftmargin=\dimen163
\caption@rightmargin=\dimen164
\caption@width=\dimen165
\caption@indent=\dimen166
\caption@parindent=\dimen167
\caption@hangindent=\dimen168
Package caption Info: Standard document class detected.
)
\c@caption@flags=\count282
\c@continuedfloat=\count283
Package caption Info: float package is loaded.
Package caption Info: hyperref package is loaded.
Package caption Info: longtable package is loaded.

(C:\mitext\tex/latex/caption\ltcaption.sty
Package: ltcaption 2021/01/08 v1.4c longtable captions (AR)
))
(C:\mitext\tex/latex/lastpage\lastpage.sty
Package: lastpage 2025/01/27 v2.1e lastpage: 2.09 or 2e? (HMM)

(C:\mitext\tex/latex/lastpage\lastpage2e.sty
Package: lastpage2e 2025/01/27 v2.1e Decide which 2e lastpage version to use (H
MM)

(C:\mitext\tex/latex/lastpage\lastpageclassic.sty
Package: lastpageclassic 2025/01/27 v2.1e Refers to last page's name (HMM; JPG)

) 
)) (C:\mitext\tex/latex/tools\array.sty
Package: array 2023/10/16 v2.5g Tabular extension package (FMi)
\col@sep=\dimen169
\ar@mcellbox=\box59
\extrarowheight=\dimen170
\NC@list=\toks26
\extratabsurround=\skip71
\backup@length=\skip72
\ar@cellbox=\box60
)
(C:\mitext\tex/latex/ragged2e\ragged2e.sty
Package: ragged2e 2023/06/22 v3.6 ragged2e Package
\CenteringLeftskip=\skip73
\RaggedLeftLeftskip=\skip74
\RaggedRightLeftskip=\skip75
\CenteringRightskip=\skip76
\RaggedLeftRightskip=\skip77
\RaggedRightRightskip=\skip78
\CenteringParfillskip=\skip79
\RaggedLeftParfillskip=\skip80
\RaggedRightParfillskip=\skip81
\JustifyingParfillskip=\skip82
\CenteringParindent=\skip83
\RaggedLeftParindent=\skip84
\RaggedRightParindent=\skip85
\JustifyingParindent=\skip86
)
(C:\mitext\tex/latex/makecell\makecell.sty
Package: makecell 2009/08/03 V0.1e Managing of Tab Column Heads and Cells
\rotheadsize=\dimen171
\c@nlinenum=\count284
\TeXr@lab=\toks27
)
(C:\mitext\tex/latex/tools\tabularx.sty
Package: tabularx 2023/07/08 v2.11c `tabularx' package (DPC)
\TX@col@width=\dimen172
\TX@old@table=\dimen173
\TX@old@col=\dimen174
\TX@target=\dimen175
\TX@delta=\dimen176
\TX@cols=\count285
\TX@ftn=\toks28
) (C:\mitext\tex/latex/xcolor\xcolor.sty
Package: xcolor 2023/11/15 v3.01 LaTeX color extensions (UK)
(C:\mitext\tex/latex/graphics-cfg\color.cfg
File: color.cfg 2016/01/02 v1.6 sample color configuration
)
Package xcolor Info: Driver file: pdftex.def on input line 274.
LaTeX Info: Redefining \color on input line 758.

(C:\mitext\tex/latex/graphics\mathcolor.ltx)
Package xcolor Info: Model `cmy' substituted by `cmy0' on input line 1350.
Package xcolor Info: Model `hsb' substituted by `rgb' on input line 1354.
Package xcolor Info: Model `RGB' extended on input line 1366.
Package xcolor Info: Model `HTML' substituted by `rgb' on input line 1368.
Package xcolor Info: Model `Hsb' substituted by `hsb' on input line 1369.
Package xcolor Info: Model `tHsb' substituted by `hsb' on input line 1370.
Package xcolor Info: Model `HSB' substituted by `hsb' on input line 1371.
Package xcolor Info: Model `Gray' substituted by `gray' on input line 1372.
Package xcolor Info: Model `wave' substituted by `hsb' on input line 1373.
)
(C:\mitext\tex/latex/colortbl\colortbl.sty
Package: colortbl 2024/07/06 v1.0i Color table columns (DPC)
\everycr=\toks29
\minrowclearance=\skip87
\rownum=\count286
)
(C:\mitext\tex/latex/placeins\placeins.sty
Package: placeins 2005/04/18  v 2.2
)
LaTeX Font Info:    Trying to load font information for OT1+phv on input line 5
2.

(C:\mitext\tex/latex/psnfss\ot1phv.fd
File: ot1phv.fd 2020/03/25 scalable font definitions for OT1/phv.
)
(C:\mitext\tex/latex/l3backend\l3backend-pdftex.def
File: l3backend-pdftex.def 2024-01-04 L3 backend support: PDF output (pdfTeX)
\l__color_backend_stack_int=\count287
\l__pdf_internal_box=\box61
)
(C:\Users\mr\Documents\github\unit_usb_programmer_universal\software\resources\
build\Cocket_Nova_Programmer.aux)
\openout1 = `Cocket_Nova_Programmer.aux'.

LaTeX Font Info:    Checking defaults for OML/cmm/m/it on input line 52.
LaTeX Font Info:    ... okay on input line 52.
LaTeX Font Info:    Checking defaults for OMS/cmsy/m/n on input line 52.
LaTeX Font Info:    ... okay on input line 52.
LaTeX Font Info:    Checking defaults for OT1/cmr/m/n on input line 52.
LaTeX Font Info:    ... okay on input line 52.
LaTeX Font Info:    Checking defaults for T1/cmr/m/n on input line 52.
LaTeX Font Info:    ... okay on input line 52.
LaTeX Font Info:    Checking defaults for TS1/cmr/m/n on input line 52.
LaTeX Font Info:    ... okay on input line 52.
LaTeX Font Info:    Checking defaults for OMX/cmex/m/n on input line 52.
LaTeX Font Info:    ... okay on input line 52.
LaTeX Font Info:    Checking defaults for U/cmr/m/n on input line 52.
LaTeX Font Info:    ... okay on input line 52.
LaTeX Font Info:    Checking defaults for PD1/pdf/m/n on input line 52.
LaTeX Font Info:    ... okay on input line 52.
LaTeX Font Info:    Checking defaults for PU/pdf/m/n on input line 52.
LaTeX Font Info:    ... okay on input line 52.

*geometry* driver: auto-detecting
*geometry* detected driver: pdftex
*geometry* verbose mode - [ preamble ] result:
* driver: pdftex
* paper: a4paper
* layout: <same size as paper>
* layoutoffset:(h,v)=(0.0pt,0.0pt)
* modes: 
* h-part:(L,W,R)=(46.97505pt, 503.55777pt, 46.97505pt)
* v-part:(T,H,B)=(46.97505pt, 751.09674pt, 46.97505pt)
* \paperwidth=597.50787pt
* \paperheight=845.04684pt
* \textwidth=503.55777pt
* \textheight=751.09674pt
* \oddsidemargin=-25.29494pt
* \evensidemargin=-25.29494pt
* \topmargin=-62.29494pt
* \headheight=12.0pt
* \headsep=25.0pt
* \topskip=10.0pt
* \footskip=30.0pt
* \marginparwidth=65.0pt
* \marginparsep=11.0pt
* \columnsep=10.0pt
* \skip\footins=9.0pt plus 4.0pt minus 2.0pt
* \hoffset=0.0pt
* \voffset=0.0pt
* \mag=1000
* \@twocolumnfalse
* \@twosidefalse
* \@mparswitchfalse
* \@reversemarginfalse
* (1in=72.27pt=25.4mm, 1cm=28.453pt)

(C:\mitext\tex/context/base/mkii\supp-pdf.mkii
[Loading MPS to PDF converter (version 2006.09.02).]
\scratchcounter=\count288
\scratchdimen=\dimen177
\scratchbox=\box62
\nofMPsegments=\count289
\nofMParguments=\count290
\everyMPshowfont=\toks30
\MPscratchCnt=\count291
\MPscratchDim=\dimen178
\MPnumerator=\count292
\makeMPintoPDFobject=\count293
\everyMPtoPDFconversion=\toks31
) (C:\mitext\tex/latex/epstopdf-pkg\epstopdf-base.sty
Package: epstopdf-base 2020-01-24 v2.11 Base part for package epstopdf
Package epstopdf-base Info: Redefining graphics rule for `.eps' on input line 4
85.

(C:\mitext\tex/latex/00miktex\epstopdf-sys.cfg
File: epstopdf-sys.cfg 2021/03/18 v2.0 Configuration of epstopdf for MiKTeX
))
Package hyperref Info: Link coloring OFF on input line 52.

(C:\Users\mr\Documents\github\unit_usb_programmer_universal\software\resources\
build\Cocket_Nova_Programmer.out)
(C:\Users\mr\Documents\github\unit_usb_programmer_universal\software\resources\
build\Cocket_Nova_Programmer.out)
\@outlinefile=\write3
\openout3 = `Cocket_Nova_Programmer.out'.

Package caption Info: Begin \AtBeginDocument code.
Package caption Info: End \AtBeginDocument code.
<./images/product.png, id=3, 1725.44624pt x 970.62625pt>
File: ./images/product.png Graphic file (type png)
<use ./images/product.png>
Package pdftex.def Info: ./images/product.png  used on input line 84.
(pdftex.def)             Requested size: 227.6069pt x 128.0374pt.

Overfull \hbox (51.35861pt too wide) in paragraph at lines 84--85
 [][] 
 []


Underfull \hbox (badness 10000) in paragraph at lines 94--99

 []


Underfull \hbox (badness 10000) in paragraph at lines 101--104

 []


Underfull \hbox (badness 10000) in paragraph at lines 106--112

 []


Underfull \hbox (badness 10000) in paragraph at lines 116--121

 []

<images/logo_unit.png, id=5, 803.0pt x 182.6825pt>
File: images/logo_unit.png Graphic file (type png)
<use images/logo_unit.png>
Package pdftex.def Info: images/logo_unit.png  used on input line 143.
(pdftex.def)             Requested size: 87.5461pt x 19.91684pt.

Package fancyhdr Warning: \headheight is too small (12.0pt): 
(fancyhdr)                Make it at least 23.51688pt, for example:
(fancyhdr)                \setlength{\headheight}{23.51688pt}.
(fancyhdr)                You might also make \topmargin smaller:
(fancyhdr)                \addtolength{\topmargin}{-11.51688pt}.

[1{C:/Users/mr/AppData/Local/MiKTeX/fonts/map/pdftex/pdftex.map}{C:/mitext/font
s/enc/dvips/base/8r.enc}

 <./images/logo_unit.png> <./images/product.png>]
(C:\mitext\tex/latex/psnfss\ts1phv.fd)
File: images/logo_unit.png Graphic file (type png)
<use images/logo_unit.png>
Package pdftex.def Info: images/logo_unit.png  used on input line 233.
(pdftex.def)             Requested size: 87.5461pt x 19.91684pt.


Package fancyhdr Warning: \headheight is too small (12.0pt): 
(fancyhdr)                Make it at least 23.51688pt, for example:
(fancyhdr)                \setlength{\headheight}{23.51688pt}.
(fancyhdr)                You might also make \topmargin smaller:
(fancyhdr)                \addtolength{\topmargin}{-11.51688pt}.

[2]
<images/function-diagram.jpg, id=22, 2239.36626pt x 2896.8225pt>
File: images/function-diagram.jpg Graphic file (type jpg)
<use images/function-diagram.jpg>
Package pdftex.def Info: images/function-diagram.jpg  used on input line 238.
(pdftex.def)             Requested size: 478.37834pt x 618.82654pt.
File: images/logo_unit.png Graphic file (type png)
<use images/logo_unit.png>
Package pdftex.def Info: images/logo_unit.png  used on input line 240.
(pdftex.def)             Requested size: 87.5461pt x 19.91684pt.


Package fancyhdr Warning: \headheight is too small (12.0pt): 
(fancyhdr)                Make it at least 23.51688pt, for example:
(fancyhdr)                \setlength{\headheight}{23.51688pt}.
(fancyhdr)                You might also make \topmargin smaller:
(fancyhdr)                \addtolength{\topmargin}{-11.51688pt}.

[3 <./images/function-diagram.jpg>]
<images/dimensions.png, id=28, 709.14937pt x 506.6428pt>
File: images/dimensions.png Graphic file (type png)
<use images/dimensions.png>
Package pdftex.def Info: images/dimensions.png  used on input line 245.
(pdftex.def)             Requested size: 478.37834pt x 341.77586pt.


! LaTeX Error: Something's wrong--perhaps a missing \item.

See the LaTeX manual or LaTeX Companion for explanation.
Type  H <return>  for immediate help.
 ...                                              
                                                  
l.264 \begin{itemize}
                     
Try typing  <return>  to proceed.
If that doesn't work, type  X <return>  to quit.


AED: lastpage setting LastPage
File: images/logo_unit.png Graphic file (type png)
<use images/logo_unit.png>
Package pdftex.def Info: images/logo_unit.png  used on input line 276.
(pdftex.def)             Requested size: 87.5461pt x 19.91684pt.

Package fancyhdr Warning: \headheight is too small (12.0pt): 
(fancyhdr)                Make it at least 23.51688pt, for example:
(fancyhdr)                \setlength{\headheight}{23.51688pt}.
(fancyhdr)                You might also make \topmargin smaller:
(fancyhdr)                \addtolength{\topmargin}{-11.51688pt}.

[4 <./images/dimensions.png>]
(C:\Users\mr\Documents\github\unit_usb_programmer_universal\software\resources\
build\Cocket_Nova_Programmer.aux)
 ***********
LaTeX2e <2023-11-01> patch level 1
L3 programming layer <2024-01-04>
 ***********
Package rerunfilecheck Info: File `Cocket_Nova_Programmer.out' has not changed.

(rerunfilecheck)             Checksum: D41D8CD98F00B204E9800998ECF8427E;0.
 ) 
Here is how much of TeX's memory you used:
 12265 strings out of 474485
 195666 string characters out of 5760158
 1954542 words of memory out of 5000000
 34381 multiletter control sequences out of 15000+600000
 567407 words of font info for 48 fonts, out of 8000000 for 9000
 1141 hyphenation exceptions out of 8191
 70i,15n,70p,1219b,440s stack positions out of 10000i,1000n,20000p,200000b,200000s
<C:/mitext/fonts/type1/urw/helvetic/uhvb8a.pfb><C:/mitext/fonts/type1/urw/hel
vetic/uhvr8a.pfb>
Output written on C:\Users\mr\Documents\github\unit_usb_programmer_universal\so
ftware\resources\build\Cocket_Nova_Programmer.pdf (4 pages, 1439373 bytes).
PDF statistics:
 48 PDF objects out of 1000 (max. 8388607)
 5 named destinations out of 1000 (max. 500000)
 21 words of extra memory for PDF output out of 10000 (max. 10000000)

